<?xml version="1.0" encoding="UTF-8"?>
<!-- Generated by org.testng.reporters.JUnitXMLReporter -->
<testsuite ignored="0" hostname="DESKTOP-E8QVB9H" failures="0" tests="5" name="Test" time="48.797" errors="0" timestamp="2023-08-05T20:03:29 PDT">
  <testcase classname="bookingSites.RedBus" name="RedbusTest" time="13.278"/>
  <testcase classname="bookingSites.IRCTC" name="IrctcTest" time="5.685"/>
  <testcase classname="bookingSites.MakeMyTrip" name="MakeMyTripTest" time="10.052"/>
  <testcase classname="bookingSites.Paytm" name="Paytmtest" time="8.706"/>
  <testcase classname="bookingSites.Trivago" name="TrivagoTest" time="10.928"/>
</testsuite> <!-- Test -->
