<?xml version="1.0" encoding="UTF-8"?>
<!-- Generated by org.testng.reporters.JUnitXMLReporter -->
<testsuite ignored="0" hostname="DESKTOP-E8QVB9H" failures="0" tests="4" name="Test" time="40.294" errors="0" timestamp="2023-08-05T16:44:52 PDT">
  <testcase classname="bookingSites.RedBus" name="RedbusTest" time="14.127"/>
  <testcase classname="bookingSites.IRCTC" name="IrctcTest" time="5.608"/>
  <testcase classname="bookingSites.MakeMyTrip" name="MakeMyTripTest" time="10.983"/>
  <testcase classname="bookingSites.Paytm" name="Paytmtest" time="9.451"/>
</testsuite> <!-- Test -->
