<?xml version="1.0" encoding="UTF-8"?>
<testng-results ignored="0" total="6" passed="6" failed="0" skipped="0">
  <reporter-output>
    <line>
      <![CDATA[Opening RedBus]]>
    </line>
    <line>
      <![CDATA[Opening IRCTC]]>
    </line>
    <line>
      <![CDATA[Opening MakeMyTrip]]>
    </line>
    <line>
      <![CDATA[Opening Paytm]]>
    </line>
    <line>
      <![CDATA[Opening Trivago]]>
    </line>
    <line>
      <![CDATA[Opening MakeMyTrip]]>
    </line>
  </reporter-output>
  <suite started-at="2023-08-05T20:43:44 PDT" name="Suite" finished-at="2023-08-05T20:45:08 PDT" duration-ms="84007">
    <groups>
    </groups>
    <test started-at="2023-08-05T20:43:44 PDT" name="Test" finished-at="2023-08-05T20:45:08 PDT" duration-ms="84007">
      <class name="bookingSites.GoIbibo">
        <test-method signature="GoIbiboTest()[pri:0, instance:bookingSites.GoIbibo@7b98f307]" started-at="2023-08-05T20:44:53 PDT" name="GoIbiboTest" finished-at="2023-08-05T20:45:08 PDT" duration-ms="14785" status="PASS">
          <reporter-output>
            <line>
              <![CDATA[Opening MakeMyTrip]]>
            </line>
          </reporter-output>
        </test-method> <!-- GoIbiboTest -->
      </class> <!-- bookingSites.GoIbibo -->
      <class name="bookingSites.RedBus">
        <test-method signature="RedbusTest()[pri:0, instance:bookingSites.RedBus@7b2bbc3]" started-at="2023-08-05T20:43:44 PDT" name="RedbusTest" finished-at="2023-08-05T20:43:59 PDT" duration-ms="15557" status="PASS">
          <reporter-output>
            <line>
              <![CDATA[Opening RedBus]]>
            </line>
          </reporter-output>
        </test-method> <!-- RedbusTest -->
      </class> <!-- bookingSites.RedBus -->
      <class name="bookingSites.Trivago">
        <test-method signature="TrivagoTest()[pri:0, instance:bookingSites.Trivago@71d44a3]" started-at="2023-08-05T20:44:39 PDT" name="TrivagoTest" finished-at="2023-08-05T20:44:53 PDT" duration-ms="14315" status="PASS">
          <reporter-output>
            <line>
              <![CDATA[Opening Trivago]]>
            </line>
          </reporter-output>
        </test-method> <!-- TrivagoTest -->
      </class> <!-- bookingSites.Trivago -->
      <class name="bookingSites.Paytm">
        <test-method signature="Paytmtest()[pri:0, instance:bookingSites.Paytm@73a1e9a9]" started-at="2023-08-05T20:44:29 PDT" name="Paytmtest" finished-at="2023-08-05T20:44:39 PDT" duration-ms="9760" status="PASS">
          <reporter-output>
            <line>
              <![CDATA[Opening Paytm]]>
            </line>
          </reporter-output>
        </test-method> <!-- Paytmtest -->
      </class> <!-- bookingSites.Paytm -->
      <class name="bookingSites.IRCTC">
        <test-method signature="IrctcTest()[pri:0, instance:bookingSites.IRCTC@14cd1699]" started-at="2023-08-05T20:44:00 PDT" name="IrctcTest" finished-at="2023-08-05T20:44:15 PDT" duration-ms="15899" status="PASS">
          <reporter-output>
            <line>
              <![CDATA[Opening IRCTC]]>
            </line>
          </reporter-output>
        </test-method> <!-- IrctcTest -->
      </class> <!-- bookingSites.IRCTC -->
      <class name="bookingSites.MakeMyTrip">
        <test-method signature="MakeMyTripTest()[pri:0, instance:bookingSites.MakeMyTrip@77888435]" started-at="2023-08-05T20:44:15 PDT" name="MakeMyTripTest" finished-at="2023-08-05T20:44:29 PDT" duration-ms="13460" status="PASS">
          <reporter-output>
            <line>
              <![CDATA[Opening MakeMyTrip]]>
            </line>
          </reporter-output>
        </test-method> <!-- MakeMyTripTest -->
      </class> <!-- bookingSites.MakeMyTrip -->
    </test> <!-- Test -->
  </suite> <!-- Suite -->
</testng-results>
