<?xml version="1.0" encoding="UTF-8"?>
<testng-results ignored="0" total="5" passed="5" failed="0" skipped="0">
  <reporter-output>
    <line>
      <![CDATA[Opening RedBus]]>
    </line>
    <line>
      <![CDATA[Opening IRCTC]]>
    </line>
    <line>
      <![CDATA[Opening MakeMyTrip]]>
    </line>
    <line>
      <![CDATA[Opening Paytm]]>
    </line>
    <line>
      <![CDATA[Opening Trivago]]>
    </line>
  </reporter-output>
  <suite started-at="2023-08-05T19:14:21 PDT" name="Suite" finished-at="2023-08-05T19:15:12 PDT" duration-ms="50553">
    <groups>
    </groups>
    <test started-at="2023-08-05T19:14:21 PDT" name="Test" finished-at="2023-08-05T19:15:12 PDT" duration-ms="50553">
      <class name="bookingSites.RedBus">
        <test-method signature="RedbusTest()[pri:0, instance:bookingSites.RedBus@692f203f]" started-at="2023-08-05T19:14:21 PDT" name="RedbusTest" finished-at="2023-08-05T19:14:33 PDT" duration-ms="11266" status="PASS">
          <reporter-output>
            <line>
              <![CDATA[Opening RedBus]]>
            </line>
          </reporter-output>
        </test-method> <!-- RedbusTest -->
      </class> <!-- bookingSites.RedBus -->
      <class name="bookingSites.Trivago">
        <test-method signature="TrivagoTest()[pri:0, instance:bookingSites.Trivago@77888435]" started-at="2023-08-05T19:15:01 PDT" name="TrivagoTest" finished-at="2023-08-05T19:15:12 PDT" duration-ms="10824" status="PASS">
          <reporter-output>
            <line>
              <![CDATA[Opening Trivago]]>
            </line>
          </reporter-output>
        </test-method> <!-- TrivagoTest -->
      </class> <!-- bookingSites.Trivago -->
      <class name="bookingSites.Paytm">
        <test-method signature="Paytmtest()[pri:0, instance:bookingSites.Paytm@14cd1699]" started-at="2023-08-05T19:14:53 PDT" name="Paytmtest" finished-at="2023-08-05T19:15:01 PDT" duration-ms="8179" status="PASS">
          <reporter-output>
            <line>
              <![CDATA[Opening Paytm]]>
            </line>
          </reporter-output>
        </test-method> <!-- Paytmtest -->
      </class> <!-- bookingSites.Paytm -->
      <class name="bookingSites.IRCTC">
        <test-method signature="IrctcTest()[pri:0, instance:bookingSites.IRCTC@4218d6a3]" started-at="2023-08-05T19:14:33 PDT" name="IrctcTest" finished-at="2023-08-05T19:14:38 PDT" duration-ms="5602" status="PASS">
          <reporter-output>
            <line>
              <![CDATA[Opening IRCTC]]>
            </line>
          </reporter-output>
        </test-method> <!-- IrctcTest -->
      </class> <!-- bookingSites.IRCTC -->
      <class name="bookingSites.MakeMyTrip">
        <test-method signature="MakeMyTripTest()[pri:0, instance:bookingSites.MakeMyTrip@76505305]" started-at="2023-08-05T19:14:38 PDT" name="MakeMyTripTest" finished-at="2023-08-05T19:14:53 PDT" duration-ms="14562" status="PASS">
          <reporter-output>
            <line>
              <![CDATA[Opening MakeMyTrip]]>
            </line>
          </reporter-output>
        </test-method> <!-- MakeMyTripTest -->
      </class> <!-- bookingSites.MakeMyTrip -->
    </test> <!-- Test -->
  </suite> <!-- Suite -->
</testng-results>
